library/build/intermediates/manifest_merge_blame_file/debug/manifest-merger-blame-debug-report.txt
1<?xml version="1.0" encoding="utf-8"?>
2<manifest xmlns:android="http://schemas.android.com/apk/res/android"
3    package="com.example.screen_finding" >
4
5    <uses-sdk
6        android:minSdkVersion="21"
6-->src/main/AndroidManifest.xml
7        android:targetSdkVersion="30" />
7-->src/main/AndroidManifest.xml
8
9    <application>
9-->src/main/AndroidManifest.xml:5:5-9:19
10        <activity
10-->src/main/AndroidManifest.xml:6:9-8:39
11            android:name="com.example.screen_finding.FindingTestActivity"
11-->src/main/AndroidManifest.xml:7:13-48
12            android:exported="true" />
12-->src/main/AndroidManifest.xml:8:13-36
13    </application>
14
15</manifest>